<?xml version="1.0" encoding="UTF-8"?>
<testng-results skipped="0" failed="0" ignored="0" total="1" passed="1">
  <reporter-output>
  </reporter-output>
  <suite name="Default suite" duration-ms="20543" started-at="2019-02-25T12:04:50Z" finished-at="2019-02-25T12:05:10Z">
    <groups>
    </groups>
    <test name="Default test" duration-ms="20543" started-at="2019-02-25T12:04:50Z" finished-at="2019-02-25T12:05:10Z">
      <class name="Login.loginFunctionality">
        <test-method status="PASS" signature="Login_Scenarioo()[pri:0, instance:Login.loginFunctionality@6a4f787b]" name="Login_Scenarioo" duration-ms="20487" started-at="2019-02-25T12:04:50Z" finished-at="2019-02-25T12:05:10Z">
          <reporter-output>
          </reporter-output>
        </test-method> <!-- Login_Scenarioo -->
      </class> <!-- Login.loginFunctionality -->
    </test> <!-- Default test -->
  </suite> <!-- Default suite -->
</testng-results>
