<?xml version="1.0" encoding="UTF-8"?>
<testng-results skipped="0" failed="0" ignored="0" total="2" passed="2">
  <reporter-output>
  </reporter-output>
  <suite name="Default suite" duration-ms="18389" started-at="2019-02-26T10:45:16Z" finished-at="2019-02-26T10:45:34Z">
    <groups>
    </groups>
    <test name="Default test" duration-ms="18389" started-at="2019-02-26T10:45:16Z" finished-at="2019-02-26T10:45:34Z">
      <class name="Login.loginFunctionality">
        <test-method status="PASS" signature="Login_Scenarioo()[pri:0, instance:Login.loginFunctionality@6a4f787b]" name="Login_Scenarioo" duration-ms="14554" started-at="2019-02-26T10:45:16Z" finished-at="2019-02-26T10:45:30Z">
          <reporter-output>
          </reporter-output>
        </test-method> <!-- Login_Scenarioo -->
        <test-method status="PASS" signature="leave()[pri:0, instance:Login.loginFunctionality@6a4f787b]" name="leave" duration-ms="3796" started-at="2019-02-26T10:45:30Z" finished-at="2019-02-26T10:45:34Z">
          <reporter-output>
          </reporter-output>
        </test-method> <!-- leave -->
      </class> <!-- Login.loginFunctionality -->
    </test> <!-- Default test -->
  </suite> <!-- Default suite -->
</testng-results>
